{"uuid":"5243922d-991a-481e-95de-518dbbbfe8df","historyId":"5dd4195ce33cabc81e171967da9ac4d1","fullName":"FinalProject.Test.Test.CustomerTest.addNewCustomer","labels":[{"name":"package","value":"FinalProject.Test.Test.CustomerTest"},{"name":"testClass","value":"FinalProject.Test.Test.CustomerTest"},{"name":"testMethod","value":"addNewCustomer"},{"name":"parentSuite","value":"Default Suite"},{"name":"suite","value":"FinalProjectSourseSelenium042023"},{"name":"subSuite","value":"FinalProject.Test.Test.CustomerTest"},{"name":"host","value":"Xus-MacBook-Pro.local"},{"name":"thread","value":"11079@Xus-MacBook-Pro.local.TestNG-PoolService-1(16)"},{"name":"framework","value":"testng"},{"name":"language","value":"java"}],"links":[],"name":"addNewCustomer","status":"broken","statusDetails":{"known":false,"muted":false,"flaky":false,"message":"element click intercepted: Element <button type=\"button\" class=\"btn dropdown-toggle btn-default bs-placeholder\" data-toggle=\"dropdown\" role=\"combobox\" aria-owns=\"bs-select-2\" aria-haspopup=\"listbox\" aria-expanded=\"false\" data-id=\"default_currency\" title=\"System Default\">...</button> is not clickable at point (650, 573). Other element would receive the click: <input type=\"search\" class=\"form-control\" autocomplete=\"off\" role=\"combobox\" aria-label=\"Search\" aria-controls=\"bs-select-1\" aria-autocomplete=\"list\" aria-activedescendant=\"bs-select-1-3\">\n  (Session info: chrome=123.0.6312.87)\nBuild info: version: '4.18.1', revision: 'b1d3319b48'\nSystem info: os.name: 'Mac OS X', os.arch: 'aarch64', os.version: '14.3', java.version: '11.0.19'\nDriver info: org.openqa.selenium.chrome.ChromeDriver\nCommand: [932b753562baca3344586ab5c1b1ed62, clickElement {id=f.D3C59454783659C7C934E8C42B727942.d.D426CE6E0216B7DE2DDBEA5535A57840.e.218}]\nCapabilities {acceptInsecureCerts: false, browserName: chrome, browserVersion: 123.0.6312.87, chrome: {chromedriverVersion: 123.0.6312.86 (9b72c47a0536..., userDataDir: /var/folders/qf/8v996d7d2d5...}, fedcm:accounts: true, goog:chromeOptions: {debuggerAddress: localhost:53799}, networkConnectionEnabled: false, pageLoadStrategy: normal, platformName: mac, proxy: Proxy(), se:cdp: ws://localhost:53799/devtoo..., se:cdpVersion: 123.0.6312.87, setWindowRect: true, strictFileInteractability: false, timeouts: {implicit: 0, pageLoad: 300000, script: 30000}, unhandledPromptBehavior: dismiss and notify, webauthn:extension:credBlob: true, webauthn:extension:largeBlob: true, webauthn:extension:minPinLength: true, webauthn:extension:prf: true, webauthn:virtualAuthenticators: true}\nElement: [[ChromeDriver: chrome on mac (932b753562baca3344586ab5c1b1ed62)] -> xpath: //button[@data-id='default_currency']]\nSession ID: 932b753562baca3344586ab5c1b1ed62","trace":"org.openqa.selenium.ElementClickInterceptedException: element click intercepted: Element <button type=\"button\" class=\"btn dropdown-toggle btn-default bs-placeholder\" data-toggle=\"dropdown\" role=\"combobox\" aria-owns=\"bs-select-2\" aria-haspopup=\"listbox\" aria-expanded=\"false\" data-id=\"default_currency\" title=\"System Default\">...</button> is not clickable at point (650, 573). Other element would receive the click: <input type=\"search\" class=\"form-control\" autocomplete=\"off\" role=\"combobox\" aria-label=\"Search\" aria-controls=\"bs-select-1\" aria-autocomplete=\"list\" aria-activedescendant=\"bs-select-1-3\">\n  (Session info: chrome=123.0.6312.87)\nBuild info: version: '4.18.1', revision: 'b1d3319b48'\nSystem info: os.name: 'Mac OS X', os.arch: 'aarch64', os.version: '14.3', java.version: '11.0.19'\nDriver info: org.openqa.selenium.chrome.ChromeDriver\nCommand: [932b753562baca3344586ab5c1b1ed62, clickElement {id=f.D3C59454783659C7C934E8C42B727942.d.D426CE6E0216B7DE2DDBEA5535A57840.e.218}]\nCapabilities {acceptInsecureCerts: false, browserName: chrome, browserVersion: 123.0.6312.87, chrome: {chromedriverVersion: 123.0.6312.86 (9b72c47a0536..., userDataDir: /var/folders/qf/8v996d7d2d5...}, fedcm:accounts: true, goog:chromeOptions: {debuggerAddress: localhost:53799}, networkConnectionEnabled: false, pageLoadStrategy: normal, platformName: mac, proxy: Proxy(), se:cdp: ws://localhost:53799/devtoo..., se:cdpVersion: 123.0.6312.87, setWindowRect: true, strictFileInteractability: false, timeouts: {implicit: 0, pageLoad: 300000, script: 30000}, unhandledPromptBehavior: dismiss and notify, webauthn:extension:credBlob: true, webauthn:extension:largeBlob: true, webauthn:extension:minPinLength: true, webauthn:extension:prf: true, webauthn:virtualAuthenticators: true}\nElement: [[ChromeDriver: chrome on mac (932b753562baca3344586ab5c1b1ed62)] -> xpath: //button[@data-id='default_currency']]\nSession ID: 932b753562baca3344586ab5c1b1ed62\n\tat java.base/jdk.internal.reflect.NativeConstructorAccessorImpl.newInstance0(Native Method)\n\tat java.base/jdk.internal.reflect.NativeConstructorAccessorImpl.newInstance(NativeConstructorAccessorImpl.java:62)\n\tat java.base/jdk.internal.reflect.DelegatingConstructorAccessorImpl.newInstance(DelegatingConstructorAccessorImpl.java:45)\n\tat java.base/java.lang.reflect.Constructor.newInstance(Constructor.java:490)\n\tat org.openqa.selenium.remote.ErrorCodec.decode(ErrorCodec.java:167)\n\tat org.openqa.selenium.remote.codec.w3c.W3CHttpResponseCodec.decode(W3CHttpResponseCodec.java:138)\n\tat org.openqa.selenium.remote.codec.w3c.W3CHttpResponseCodec.decode(W3CHttpResponseCodec.java:50)\n\tat org.openqa.selenium.remote.HttpCommandExecutor.execute(HttpCommandExecutor.java:190)\n\tat org.openqa.selenium.remote.service.DriverCommandExecutor.invokeExecute(DriverCommandExecutor.java:216)\n\tat org.openqa.selenium.remote.service.DriverCommandExecutor.execute(DriverCommandExecutor.java:174)\n\tat org.openqa.selenium.remote.RemoteWebDriver.execute(RemoteWebDriver.java:519)\n\tat org.openqa.selenium.remote.RemoteWebElement.execute(RemoteWebElement.java:223)\n\tat org.openqa.selenium.remote.RemoteWebElement.click(RemoteWebElement.java:76)\n\tat keywords.WebUI.clickElement(WebUI.java:123)\n\tat FinalProject.Page.CustomerPage.clickdropdownCurrency(CustomerPage.java:115)\n\tat FinalProject.Page.CustomerPage.autoFillData(CustomerPage.java:263)\n\tat FinalProject.Test.Test.CustomerTest.addNewCustomer(CustomerTest.java:35)\n\tat java.base/jdk.internal.reflect.NativeMethodAccessorImpl.invoke0(Native Method)\n\tat java.base/jdk.internal.reflect.NativeMethodAccessorImpl.invoke(NativeMethodAccessorImpl.java:62)\n\tat java.base/jdk.internal.reflect.DelegatingMethodAccessorImpl.invoke(DelegatingMethodAccessorImpl.java:43)\n\tat java.base/java.lang.reflect.Method.invoke(Method.java:566)\n\tat org.testng.internal.MethodInvocationHelper.invokeMethod(MethodInvocationHelper.java:133)\n\tat org.testng.internal.TestInvoker.invokeMethod(TestInvoker.java:598)\n\tat org.testng.internal.TestInvoker.invokeTestMethod(TestInvoker.java:173)\n\tat org.testng.internal.TestMethodWithDataProviderMethodWorker.call(TestMethodWithDataProviderMethodWorker.java:77)\n\tat org.testng.internal.TestMethodWithDataProviderMethodWorker.call(TestMethodWithDataProviderMethodWorker.java:15)\n\tat java.base/java.util.concurrent.FutureTask.run(FutureTask.java:264)\n\tat java.base/java.util.concurrent.Executors$RunnableAdapter.call(Executors.java:515)\n\tat java.base/java.util.concurrent.FutureTask.run(FutureTask.java:264)\n\tat java.base/java.util.concurrent.ThreadPoolExecutor.runWorker(ThreadPoolExecutor.java:1128)\n\tat java.base/java.util.concurrent.ThreadPoolExecutor$Worker.run(ThreadPoolExecutor.java:628)\n\tat java.base/java.lang.Thread.run(Thread.java:829)\n"},"stage":"finished","steps":[{"name":"Open URL: https://crm.anhtester.com/admin/authentication","status":"passed","stage":"finished","steps":[],"attachments":[],"parameters":[{"name":"url","value":"https://crm.anhtester.com/admin/authentication"}],"start":1711620904255,"stop":1711620904479},{"name":"Set text: By.xpath: //input[@id ='email'] on input admin@example.com","status":"passed","stage":"finished","steps":[{"name":"Timeout waiting for the element Visible By.xpath: //input[@id ='email']","status":"passed","stage":"finished","steps":[],"attachments":[],"parameters":[{"name":"by","value":"By.xpath: //input[@id ='email']"}],"start":1711620904509,"stop":1711620904555}],"attachments":[],"parameters":[{"name":"by","value":"By.xpath: //input[@id ='email']"},{"name":"text","value":"admin@example.com"}],"start":1711620904509,"stop":1711620904699},{"name":"Set text: By.xpath: //input[@id ='password'] on input 123456","status":"passed","stage":"finished","steps":[{"name":"Timeout waiting for the element Visible By.xpath: //input[@id ='password']","status":"passed","stage":"finished","steps":[],"attachments":[],"parameters":[{"name":"by","value":"By.xpath: //input[@id ='password']"}],"start":1711620904699,"stop":1711620904745}],"attachments":[],"parameters":[{"name":"by","value":"By.xpath: //input[@id ='password']"},{"name":"text","value":"123456"}],"start":1711620904699,"stop":1711620904794},{"name":"Click on element: By.xpath: //button[@type ='submit']","status":"passed","stage":"finished","steps":[{"name":"Timeout waiting for the element ready to click By.xpath: //button[@type ='submit']","status":"passed","stage":"finished","steps":[],"attachments":[],"parameters":[{"name":"by","value":"By.xpath: //button[@type ='submit']"}],"start":1711620904795,"stop":1711620904832}],"attachments":[],"parameters":[{"name":"by","value":"By.xpath: //button[@type ='submit']"}],"start":1711620904794,"stop":1711620905414},{"name":"Click on element: By.xpath: //span[normalize-space()='Customers']","status":"passed","stage":"finished","steps":[{"name":"Timeout waiting for the element ready to click By.xpath: //span[normalize-space()='Customers']","status":"passed","stage":"finished","steps":[],"attachments":[],"parameters":[{"name":"by","value":"By.xpath: //span[normalize-space()='Customers']"}],"start":1711620905414,"stop":1711620905493}],"attachments":[],"parameters":[{"name":"by","value":"By.xpath: //span[normalize-space()='Customers']"}],"start":1711620905414,"stop":1711620905712},{"name":"Click on element: By.xpath: //a[normalize-space()='New Customer']","status":"passed","stage":"finished","steps":[{"name":"Timeout waiting for the element ready to click By.xpath: //a[normalize-space()='New Customer']","status":"passed","stage":"finished","steps":[],"attachments":[],"parameters":[{"name":"by","value":"By.xpath: //a[normalize-space()='New Customer']"}],"start":1711620905713,"stop":1711620905758}],"attachments":[],"parameters":[{"name":"by","value":"By.xpath: //a[normalize-space()='New Customer']"}],"start":1711620905713,"stop":1711620905968},{"name":"Set text: By.xpath: //input[@id='company'] on input ","status":"passed","stage":"finished","steps":[{"name":"Timeout waiting for the element Visible By.xpath: //input[@id='company']","status":"passed","stage":"finished","steps":[],"attachments":[],"parameters":[{"name":"by","value":"By.xpath: //input[@id='company']"}],"start":1711620905969,"stop":1711620905999}],"attachments":[],"parameters":[{"name":"by","value":"By.xpath: //input[@id='company']"},{"name":"text","value":""}],"start":1711620905969,"stop":1711620906024},{"name":"Set text: By.xpath: //input[@id='vat'] on input ","status":"passed","stage":"finished","steps":[{"name":"Timeout waiting for the element Visible By.xpath: //input[@id='vat']","status":"passed","stage":"finished","steps":[],"attachments":[],"parameters":[{"name":"by","value":"By.xpath: //input[@id='vat']"}],"start":1711620906024,"stop":1711620906043}],"attachments":[],"parameters":[{"name":"by","value":"By.xpath: //input[@id='vat']"},{"name":"text","value":""}],"start":1711620906024,"stop":1711620906073},{"name":"Set text: By.xpath: //input[@id='phonenumber'] on input ","status":"passed","stage":"finished","steps":[{"name":"Timeout waiting for the element Visible By.xpath: //input[@id='phonenumber']","status":"passed","stage":"finished","steps":[],"attachments":[],"parameters":[{"name":"by","value":"By.xpath: //input[@id='phonenumber']"}],"start":1711620906073,"stop":1711620906093}],"attachments":[],"parameters":[{"name":"by","value":"By.xpath: //input[@id='phonenumber']"},{"name":"text","value":""}],"start":1711620906073,"stop":1711620906132},{"name":"Set text: By.xpath: //input[@id='website'] on input ","status":"passed","stage":"finished","steps":[{"name":"Timeout waiting for the element Visible By.xpath: //input[@id='website']","status":"passed","stage":"finished","steps":[],"attachments":[],"parameters":[{"name":"by","value":"By.xpath: //input[@id='website']"}],"start":1711620906133,"stop":1711620906147}],"attachments":[],"parameters":[{"name":"by","value":"By.xpath: //input[@id='website']"},{"name":"text","value":""}],"start":1711620906133,"stop":1711620906188},{"name":"Click on element: By.xpath: //button[@data-id='groups_in[]']","status":"passed","stage":"finished","steps":[{"name":"Timeout waiting for the element ready to click By.xpath: //button[@data-id='groups_in[]']","status":"passed","stage":"finished","steps":[],"attachments":[],"parameters":[{"name":"by","value":"By.xpath: //button[@data-id='groups_in[]']"}],"start":1711620906188,"stop":1711620906216}],"attachments":[],"parameters":[{"name":"by","value":"By.xpath: //button[@data-id='groups_in[]']"}],"start":1711620906188,"stop":1711620906273},{"name":"Set text: By.xpath: //div[@app-field-wrapper='groups_in[]']//input[@type='search'] on input VIP","status":"passed","stage":"finished","steps":[{"name":"Timeout waiting for the element Visible By.xpath: //div[@app-field-wrapper='groups_in[]']//input[@type='search']","status":"passed","stage":"finished","steps":[],"attachments":[],"parameters":[{"name":"by","value":"By.xpath: //div[@app-field-wrapper='groups_in[]']//input[@type='search']"}],"start":1711620906274,"stop":1711620906292}],"attachments":[],"parameters":[{"name":"by","value":"By.xpath: //div[@app-field-wrapper='groups_in[]']//input[@type='search']"},{"name":"text","value":"VIP"}],"start":1711620906274,"stop":1711620906358},{"name":"Click on element: By.xpath: //button[@data-id='default_currency']","status":"broken","statusDetails":{"known":false,"muted":false,"flaky":false,"message":"element click intercepted: Element <button type=\"button\" class=\"btn dropdown-toggle btn-default bs-placeholder\" data-toggle=\"dropdown\" role=\"combobox\" aria-owns=\"bs-select-2\" aria-haspopup=\"listbox\" aria-expanded=\"false\" data-id=\"default_currency\" title=\"System Default\">...</button> is not clickable at point (650, 573). Other element would receive the click: <input type=\"search\" class=\"form-control\" autocomplete=\"off\" role=\"combobox\" aria-label=\"Search\" aria-controls=\"bs-select-1\" aria-autocomplete=\"list\" aria-activedescendant=\"bs-select-1-3\">\n  (Session info: chrome=123.0.6312.87)\nBuild info: version: '4.18.1', revision: 'b1d3319b48'\nSystem info: os.name: 'Mac OS X', os.arch: 'aarch64', os.version: '14.3', java.version: '11.0.19'\nDriver info: org.openqa.selenium.chrome.ChromeDriver\nCommand: [932b753562baca3344586ab5c1b1ed62, clickElement {id=f.D3C59454783659C7C934E8C42B727942.d.D426CE6E0216B7DE2DDBEA5535A57840.e.218}]\nCapabilities {acceptInsecureCerts: false, browserName: chrome, browserVersion: 123.0.6312.87, chrome: {chromedriverVersion: 123.0.6312.86 (9b72c47a0536..., userDataDir: /var/folders/qf/8v996d7d2d5...}, fedcm:accounts: true, goog:chromeOptions: {debuggerAddress: localhost:53799}, networkConnectionEnabled: false, pageLoadStrategy: normal, platformName: mac, proxy: Proxy(), se:cdp: ws://localhost:53799/devtoo..., se:cdpVersion: 123.0.6312.87, setWindowRect: true, strictFileInteractability: false, timeouts: {implicit: 0, pageLoad: 300000, script: 30000}, unhandledPromptBehavior: dismiss and notify, webauthn:extension:credBlob: true, webauthn:extension:largeBlob: true, webauthn:extension:minPinLength: true, webauthn:extension:prf: true, webauthn:virtualAuthenticators: true}\nElement: [[ChromeDriver: chrome on mac (932b753562baca3344586ab5c1b1ed62)] -> xpath: //button[@data-id='default_currency']]\nSession ID: 932b753562baca3344586ab5c1b1ed62","trace":"org.openqa.selenium.ElementClickInterceptedException: element click intercepted: Element <button type=\"button\" class=\"btn dropdown-toggle btn-default bs-placeholder\" data-toggle=\"dropdown\" role=\"combobox\" aria-owns=\"bs-select-2\" aria-haspopup=\"listbox\" aria-expanded=\"false\" data-id=\"default_currency\" title=\"System Default\">...</button> is not clickable at point (650, 573). Other element would receive the click: <input type=\"search\" class=\"form-control\" autocomplete=\"off\" role=\"combobox\" aria-label=\"Search\" aria-controls=\"bs-select-1\" aria-autocomplete=\"list\" aria-activedescendant=\"bs-select-1-3\">\n  (Session info: chrome=123.0.6312.87)\nBuild info: version: '4.18.1', revision: 'b1d3319b48'\nSystem info: os.name: 'Mac OS X', os.arch: 'aarch64', os.version: '14.3', java.version: '11.0.19'\nDriver info: org.openqa.selenium.chrome.ChromeDriver\nCommand: [932b753562baca3344586ab5c1b1ed62, clickElement {id=f.D3C59454783659C7C934E8C42B727942.d.D426CE6E0216B7DE2DDBEA5535A57840.e.218}]\nCapabilities {acceptInsecureCerts: false, browserName: chrome, browserVersion: 123.0.6312.87, chrome: {chromedriverVersion: 123.0.6312.86 (9b72c47a0536..., userDataDir: /var/folders/qf/8v996d7d2d5...}, fedcm:accounts: true, goog:chromeOptions: {debuggerAddress: localhost:53799}, networkConnectionEnabled: false, pageLoadStrategy: normal, platformName: mac, proxy: Proxy(), se:cdp: ws://localhost:53799/devtoo..., se:cdpVersion: 123.0.6312.87, setWindowRect: true, strictFileInteractability: false, timeouts: {implicit: 0, pageLoad: 300000, script: 30000}, unhandledPromptBehavior: dismiss and notify, webauthn:extension:credBlob: true, webauthn:extension:largeBlob: true, webauthn:extension:minPinLength: true, webauthn:extension:prf: true, webauthn:virtualAuthenticators: true}\nElement: [[ChromeDriver: chrome on mac (932b753562baca3344586ab5c1b1ed62)] -> xpath: //button[@data-id='default_currency']]\nSession ID: 932b753562baca3344586ab5c1b1ed62\n\tat java.base/jdk.internal.reflect.NativeConstructorAccessorImpl.newInstance0(Native Method)\n\tat java.base/jdk.internal.reflect.NativeConstructorAccessorImpl.newInstance(NativeConstructorAccessorImpl.java:62)\n\tat java.base/jdk.internal.reflect.DelegatingConstructorAccessorImpl.newInstance(DelegatingConstructorAccessorImpl.java:45)\n\tat java.base/java.lang.reflect.Constructor.newInstance(Constructor.java:490)\n\tat org.openqa.selenium.remote.ErrorCodec.decode(ErrorCodec.java:167)\n\tat org.openqa.selenium.remote.codec.w3c.W3CHttpResponseCodec.decode(W3CHttpResponseCodec.java:138)\n\tat org.openqa.selenium.remote.codec.w3c.W3CHttpResponseCodec.decode(W3CHttpResponseCodec.java:50)\n\tat org.openqa.selenium.remote.HttpCommandExecutor.execute(HttpCommandExecutor.java:190)\n\tat org.openqa.selenium.remote.service.DriverCommandExecutor.invokeExecute(DriverCommandExecutor.java:216)\n\tat org.openqa.selenium.remote.service.DriverCommandExecutor.execute(DriverCommandExecutor.java:174)\n\tat org.openqa.selenium.remote.RemoteWebDriver.execute(RemoteWebDriver.java:519)\n\tat org.openqa.selenium.remote.RemoteWebElement.execute(RemoteWebElement.java:223)\n\tat org.openqa.selenium.remote.RemoteWebElement.click(RemoteWebElement.java:76)\n\tat keywords.WebUI.clickElement(WebUI.java:123)\n\tat FinalProject.Page.CustomerPage.clickdropdownCurrency(CustomerPage.java:115)\n\tat FinalProject.Page.CustomerPage.autoFillData(CustomerPage.java:263)\n\tat FinalProject.Test.Test.CustomerTest.addNewCustomer(CustomerTest.java:35)\n\tat java.base/jdk.internal.reflect.NativeMethodAccessorImpl.invoke0(Native Method)\n\tat java.base/jdk.internal.reflect.NativeMethodAccessorImpl.invoke(NativeMethodAccessorImpl.java:62)\n\tat java.base/jdk.internal.reflect.DelegatingMethodAccessorImpl.invoke(DelegatingMethodAccessorImpl.java:43)\n\tat java.base/java.lang.reflect.Method.invoke(Method.java:566)\n\tat org.testng.internal.MethodInvocationHelper.invokeMethod(MethodInvocationHelper.java:133)\n\tat org.testng.internal.TestInvoker.invokeMethod(TestInvoker.java:598)\n\tat org.testng.internal.TestInvoker.invokeTestMethod(TestInvoker.java:173)\n\tat org.testng.internal.TestMethodWithDataProviderMethodWorker.call(TestMethodWithDataProviderMethodWorker.java:77)\n\tat org.testng.internal.TestMethodWithDataProviderMethodWorker.call(TestMethodWithDataProviderMethodWorker.java:15)\n\tat java.base/java.util.concurrent.FutureTask.run(FutureTask.java:264)\n\tat java.base/java.util.concurrent.Executors$RunnableAdapter.call(Executors.java:515)\n\tat java.base/java.util.concurrent.FutureTask.run(FutureTask.java:264)\n\tat java.base/java.util.concurrent.ThreadPoolExecutor.runWorker(ThreadPoolExecutor.java:1128)\n\tat java.base/java.util.concurrent.ThreadPoolExecutor$Worker.run(ThreadPoolExecutor.java:628)\n\tat java.base/java.lang.Thread.run(Thread.java:829)\n"},"stage":"finished","steps":[{"name":"Timeout waiting for the element ready to click By.xpath: //button[@data-id='default_currency']","status":"passed","stage":"finished","steps":[],"attachments":[],"parameters":[{"name":"by","value":"By.xpath: //button[@data-id='default_currency']"}],"start":1711620906406,"stop":1711620906444}],"attachments":[],"parameters":[{"name":"by","value":"By.xpath: //button[@data-id='default_currency']"}],"start":1711620906406,"stop":1711620907520}],"attachments":[{"name":"Page screenshot","source":"167b8577-87d3-4610-8794-b932090726d3-attachment","type":"image/png"}],"parameters":[{"name":"arg0","value":"{website=, address1=, country=, searchgroupt=, language=, VAT=, phone=, company=, currency=, state1=, code1=, city1=}"}],"start":1711620904159,"stop":1711620908097}