{"uuid":"5c03f04a-58b9-4c6a-998a-0883e6c31465","historyId":"2c5d981e919b1fd1345fc9058b8deb6","fullName":"FinalProject.Test.Test.CustomerTest.addNewCustomer","labels":[{"name":"package","value":"FinalProject.Test.Test.CustomerTest"},{"name":"testClass","value":"FinalProject.Test.Test.CustomerTest"},{"name":"testMethod","value":"addNewCustomer"},{"name":"parentSuite","value":"Default Suite"},{"name":"suite","value":"FinalProjectSourseSelenium042023"},{"name":"subSuite","value":"FinalProject.Test.Test.CustomerTest"},{"name":"host","value":"Xus-MacBook-Pro.local"},{"name":"thread","value":"49297@Xus-MacBook-Pro.local.TestNG-PoolService-0(15)"},{"name":"framework","value":"testng"},{"name":"language","value":"java"}],"links":[],"name":"addNewCustomer","status":"broken","statusDetails":{"known":false,"muted":false,"flaky":false,"message":"element click intercepted: Element <button type=\"button\" class=\"btn dropdown-toggle btn-default\" data-toggle=\"dropdown\" role=\"combobox\" aria-owns=\"bs-select-3\" aria-haspopup=\"listbox\" aria-expanded=\"false\" data-id=\"default_language\" title=\"System Default\">...</button> is not clickable at point (1019, 573). Other element would receive the click: <input type=\"search\" class=\"form-control\" autocomplete=\"off\" role=\"combobox\" aria-label=\"Search\" aria-controls=\"bs-select-1\" aria-autocomplete=\"list\" aria-activedescendant=\"bs-select-1-0\">\n  (Session info: chrome=123.0.6312.105)\nBuild info: version: '4.18.1', revision: 'b1d3319b48'\nSystem info: os.name: 'Mac OS X', os.arch: 'aarch64', os.version: '14.3', java.version: '11.0.19'\nDriver info: org.openqa.selenium.chrome.ChromeDriver\nCommand: [677786b702f0323e9359e25db44595e1, clickElement {id=f.A5D76C1A99A7246C4BB1E424CC1128BD.d.06D7D61D0F4A7E3CF238B7F37E307845.e.220}]\nCapabilities {acceptInsecureCerts: false, browserName: chrome, browserVersion: 123.0.6312.105, chrome: {chromedriverVersion: 123.0.6312.86 (9b72c47a0536..., userDataDir: /var/folders/qf/8v996d7d2d5...}, fedcm:accounts: true, goog:chromeOptions: {debuggerAddress: localhost:49768}, networkConnectionEnabled: false, pageLoadStrategy: normal, platformName: mac, proxy: Proxy(), se:cdp: ws://localhost:49768/devtoo..., se:cdpVersion: 123.0.6312.105, setWindowRect: true, strictFileInteractability: false, timeouts: {implicit: 0, pageLoad: 300000, script: 30000}, unhandledPromptBehavior: dismiss and notify, webauthn:extension:credBlob: true, webauthn:extension:largeBlob: true, webauthn:extension:minPinLength: true, webauthn:extension:prf: true, webauthn:virtualAuthenticators: true}\nElement: [[ChromeDriver: chrome on mac (677786b702f0323e9359e25db44595e1)] -> xpath: //button[@data-id='default_language']]\nSession ID: 677786b702f0323e9359e25db44595e1","trace":"org.openqa.selenium.ElementClickInterceptedException: element click intercepted: Element <button type=\"button\" class=\"btn dropdown-toggle btn-default\" data-toggle=\"dropdown\" role=\"combobox\" aria-owns=\"bs-select-3\" aria-haspopup=\"listbox\" aria-expanded=\"false\" data-id=\"default_language\" title=\"System Default\">...</button> is not clickable at point (1019, 573). Other element would receive the click: <input type=\"search\" class=\"form-control\" autocomplete=\"off\" role=\"combobox\" aria-label=\"Search\" aria-controls=\"bs-select-1\" aria-autocomplete=\"list\" aria-activedescendant=\"bs-select-1-0\">\n  (Session info: chrome=123.0.6312.105)\nBuild info: version: '4.18.1', revision: 'b1d3319b48'\nSystem info: os.name: 'Mac OS X', os.arch: 'aarch64', os.version: '14.3', java.version: '11.0.19'\nDriver info: org.openqa.selenium.chrome.ChromeDriver\nCommand: [677786b702f0323e9359e25db44595e1, clickElement {id=f.A5D76C1A99A7246C4BB1E424CC1128BD.d.06D7D61D0F4A7E3CF238B7F37E307845.e.220}]\nCapabilities {acceptInsecureCerts: false, browserName: chrome, browserVersion: 123.0.6312.105, chrome: {chromedriverVersion: 123.0.6312.86 (9b72c47a0536..., userDataDir: /var/folders/qf/8v996d7d2d5...}, fedcm:accounts: true, goog:chromeOptions: {debuggerAddress: localhost:49768}, networkConnectionEnabled: false, pageLoadStrategy: normal, platformName: mac, proxy: Proxy(), se:cdp: ws://localhost:49768/devtoo..., se:cdpVersion: 123.0.6312.105, setWindowRect: true, strictFileInteractability: false, timeouts: {implicit: 0, pageLoad: 300000, script: 30000}, unhandledPromptBehavior: dismiss and notify, webauthn:extension:credBlob: true, webauthn:extension:largeBlob: true, webauthn:extension:minPinLength: true, webauthn:extension:prf: true, webauthn:virtualAuthenticators: true}\nElement: [[ChromeDriver: chrome on mac (677786b702f0323e9359e25db44595e1)] -> xpath: //button[@data-id='default_language']]\nSession ID: 677786b702f0323e9359e25db44595e1\n\tat java.base/jdk.internal.reflect.NativeConstructorAccessorImpl.newInstance0(Native Method)\n\tat java.base/jdk.internal.reflect.NativeConstructorAccessorImpl.newInstance(NativeConstructorAccessorImpl.java:62)\n\tat java.base/jdk.internal.reflect.DelegatingConstructorAccessorImpl.newInstance(DelegatingConstructorAccessorImpl.java:45)\n\tat java.base/java.lang.reflect.Constructor.newInstance(Constructor.java:490)\n\tat org.openqa.selenium.remote.ErrorCodec.decode(ErrorCodec.java:167)\n\tat org.openqa.selenium.remote.codec.w3c.W3CHttpResponseCodec.decode(W3CHttpResponseCodec.java:138)\n\tat org.openqa.selenium.remote.codec.w3c.W3CHttpResponseCodec.decode(W3CHttpResponseCodec.java:50)\n\tat org.openqa.selenium.remote.HttpCommandExecutor.execute(HttpCommandExecutor.java:190)\n\tat org.openqa.selenium.remote.service.DriverCommandExecutor.invokeExecute(DriverCommandExecutor.java:216)\n\tat org.openqa.selenium.remote.service.DriverCommandExecutor.execute(DriverCommandExecutor.java:174)\n\tat org.openqa.selenium.remote.RemoteWebDriver.execute(RemoteWebDriver.java:519)\n\tat org.openqa.selenium.remote.RemoteWebElement.execute(RemoteWebElement.java:223)\n\tat org.openqa.selenium.remote.RemoteWebElement.click(RemoteWebElement.java:76)\n\tat keywords.WebUI.clickElement(WebUI.java:123)\n\tat FinalProject.Page.CustomerPage.clickdropdownLanguage(CustomerPage.java:127)\n\tat FinalProject.Page.CustomerPage.autoFillData(CustomerPage.java:269)\n\tat FinalProject.Test.Test.CustomerTest.addNewCustomer(CustomerTest.java:35)\n\tat java.base/jdk.internal.reflect.NativeMethodAccessorImpl.invoke0(Native Method)\n\tat java.base/jdk.internal.reflect.NativeMethodAccessorImpl.invoke(NativeMethodAccessorImpl.java:62)\n\tat java.base/jdk.internal.reflect.DelegatingMethodAccessorImpl.invoke(DelegatingMethodAccessorImpl.java:43)\n\tat java.base/java.lang.reflect.Method.invoke(Method.java:566)\n\tat org.testng.internal.MethodInvocationHelper.invokeMethod(MethodInvocationHelper.java:133)\n\tat org.testng.internal.TestInvoker.invokeMethod(TestInvoker.java:598)\n\tat org.testng.internal.TestInvoker.invokeTestMethod(TestInvoker.java:173)\n\tat org.testng.internal.TestMethodWithDataProviderMethodWorker.call(TestMethodWithDataProviderMethodWorker.java:77)\n\tat org.testng.internal.TestMethodWithDataProviderMethodWorker.call(TestMethodWithDataProviderMethodWorker.java:15)\n\tat java.base/java.util.concurrent.FutureTask.run(FutureTask.java:264)\n\tat java.base/java.util.concurrent.Executors$RunnableAdapter.call(Executors.java:515)\n\tat java.base/java.util.concurrent.FutureTask.run(FutureTask.java:264)\n\tat java.base/java.util.concurrent.ThreadPoolExecutor.runWorker(ThreadPoolExecutor.java:1128)\n\tat java.base/java.util.concurrent.ThreadPoolExecutor$Worker.run(ThreadPoolExecutor.java:628)\n\tat java.base/java.lang.Thread.run(Thread.java:829)\n"},"stage":"finished","steps":[{"name":"Open URL: https://crm.anhtester.com/admin/authentication","status":"passed","stage":"finished","steps":[],"attachments":[],"parameters":[{"name":"url","value":"https://crm.anhtester.com/admin/authentication"}],"start":1712132524675,"stop":1712132525238},{"name":"Set text: By.xpath: //input[@id ='email'] on input admin@example.com","status":"passed","stage":"finished","steps":[{"name":"Timeout waiting for the element Visible By.xpath: //input[@id ='email']","status":"passed","stage":"finished","steps":[],"attachments":[],"parameters":[{"name":"by","value":"By.xpath: //input[@id ='email']"}],"start":1712132525308,"stop":1712132525376}],"attachments":[],"parameters":[{"name":"by","value":"By.xpath: //input[@id ='email']"},{"name":"text","value":"admin@example.com"}],"start":1712132525308,"stop":1712132525563},{"name":"Set text: By.xpath: //input[@id ='password'] on input 123456","status":"passed","stage":"finished","steps":[{"name":"Timeout waiting for the element Visible By.xpath: //input[@id ='password']","status":"passed","stage":"finished","steps":[],"attachments":[],"parameters":[{"name":"by","value":"By.xpath: //input[@id ='password']"}],"start":1712132525563,"stop":1712132525592}],"attachments":[],"parameters":[{"name":"by","value":"By.xpath: //input[@id ='password']"},{"name":"text","value":"123456"}],"start":1712132525563,"stop":1712132525663},{"name":"Click on element: By.xpath: //button[@type ='submit']","status":"passed","stage":"finished","steps":[{"name":"Timeout waiting for the element ready to click By.xpath: //button[@type ='submit']","status":"passed","stage":"finished","steps":[],"attachments":[],"parameters":[{"name":"by","value":"By.xpath: //button[@type ='submit']"}],"start":1712132525666,"stop":1712132525735}],"attachments":[],"parameters":[{"name":"by","value":"By.xpath: //button[@type ='submit']"}],"start":1712132525665,"stop":1712132526483},{"name":"Click on element: By.xpath: //span[normalize-space()='Customers']","status":"passed","stage":"finished","steps":[{"name":"Timeout waiting for the element ready to click By.xpath: //span[normalize-space()='Customers']","status":"passed","stage":"finished","steps":[],"attachments":[],"parameters":[{"name":"by","value":"By.xpath: //span[normalize-space()='Customers']"}],"start":1712132526503,"stop":1712132526571}],"attachments":[],"parameters":[{"name":"by","value":"By.xpath: //span[normalize-space()='Customers']"}],"start":1712132526503,"stop":1712132526858},{"name":"Click on element: By.xpath: //a[normalize-space()='New Customer']","status":"passed","stage":"finished","steps":[{"name":"Timeout waiting for the element ready to click By.xpath: //a[normalize-space()='New Customer']","status":"passed","stage":"finished","steps":[],"attachments":[],"parameters":[{"name":"by","value":"By.xpath: //a[normalize-space()='New Customer']"}],"start":1712132526859,"stop":1712132526949}],"attachments":[],"parameters":[{"name":"by","value":"By.xpath: //a[normalize-space()='New Customer']"}],"start":1712132526858,"stop":1712132527187},{"name":"Set text: By.xpath: //input[@id='company'] on input companyA","status":"passed","stage":"finished","steps":[{"name":"Timeout waiting for the element Visible By.xpath: //input[@id='company']","status":"passed","stage":"finished","steps":[],"attachments":[],"parameters":[{"name":"by","value":"By.xpath: //input[@id='company']"}],"start":1712132527187,"stop":1712132527252}],"attachments":[],"parameters":[{"name":"by","value":"By.xpath: //input[@id='company']"},{"name":"text","value":"companyA"}],"start":1712132527187,"stop":1712132527291},{"name":"Set text: By.xpath: //input[@id='vat'] on input 10","status":"passed","stage":"finished","steps":[{"name":"Timeout waiting for the element Visible By.xpath: //input[@id='vat']","status":"passed","stage":"finished","steps":[],"attachments":[],"parameters":[{"name":"by","value":"By.xpath: //input[@id='vat']"}],"start":1712132527292,"stop":1712132527309}],"attachments":[],"parameters":[{"name":"by","value":"By.xpath: //input[@id='vat']"},{"name":"text","value":"10"}],"start":1712132527292,"stop":1712132527379},{"name":"Set text: By.xpath: //input[@id='phonenumber'] on input 0123456789","status":"passed","stage":"finished","steps":[{"name":"Timeout waiting for the element Visible By.xpath: //input[@id='phonenumber']","status":"passed","stage":"finished","steps":[],"attachments":[],"parameters":[{"name":"by","value":"By.xpath: //input[@id='phonenumber']"}],"start":1712132527379,"stop":1712132527427}],"attachments":[],"parameters":[{"name":"by","value":"By.xpath: //input[@id='phonenumber']"},{"name":"text","value":"0123456789"}],"start":1712132527379,"stop":1712132527537},{"name":"Set text: By.xpath: //input[@id='website'] on input abc@gmail.com","status":"passed","stage":"finished","steps":[{"name":"Timeout waiting for the element Visible By.xpath: //input[@id='website']","status":"passed","stage":"finished","steps":[],"attachments":[],"parameters":[{"name":"by","value":"By.xpath: //input[@id='website']"}],"start":1712132527537,"stop":1712132527586}],"attachments":[],"parameters":[{"name":"by","value":"By.xpath: //input[@id='website']"},{"name":"text","value":"abc@gmail.com"}],"start":1712132527537,"stop":1712132527700},{"name":"Click on element: By.xpath: //button[@data-id='groups_in[]']","status":"passed","stage":"finished","steps":[{"name":"Timeout waiting for the element ready to click By.xpath: //button[@data-id='groups_in[]']","status":"passed","stage":"finished","steps":[],"attachments":[],"parameters":[{"name":"by","value":"By.xpath: //button[@data-id='groups_in[]']"}],"start":1712132527700,"stop":1712132527737}],"attachments":[],"parameters":[{"name":"by","value":"By.xpath: //button[@data-id='groups_in[]']"}],"start":1712132527700,"stop":1712132527848},{"name":"Set text: By.xpath: //div[@app-field-wrapper='groups_in[]']//input[@type='search'] on input Gold","status":"passed","stage":"finished","steps":[{"name":"Timeout waiting for the element Visible By.xpath: //div[@app-field-wrapper='groups_in[]']//input[@type='search']","status":"passed","stage":"finished","steps":[],"attachments":[],"parameters":[{"name":"by","value":"By.xpath: //div[@app-field-wrapper='groups_in[]']//input[@type='search']"}],"start":1712132527848,"stop":1712132527884}],"attachments":[],"parameters":[{"name":"by","value":"By.xpath: //div[@app-field-wrapper='groups_in[]']//input[@type='search']"},{"name":"text","value":"Gold"}],"start":1712132527848,"stop":1712132527965},{"name":"Click on element: By.xpath: //button[@data-id='default_language']","status":"broken","statusDetails":{"known":false,"muted":false,"flaky":false,"message":"element click intercepted: Element <button type=\"button\" class=\"btn dropdown-toggle btn-default\" data-toggle=\"dropdown\" role=\"combobox\" aria-owns=\"bs-select-3\" aria-haspopup=\"listbox\" aria-expanded=\"false\" data-id=\"default_language\" title=\"System Default\">...</button> is not clickable at point (1019, 573). Other element would receive the click: <input type=\"search\" class=\"form-control\" autocomplete=\"off\" role=\"combobox\" aria-label=\"Search\" aria-controls=\"bs-select-1\" aria-autocomplete=\"list\" aria-activedescendant=\"bs-select-1-0\">\n  (Session info: chrome=123.0.6312.105)\nBuild info: version: '4.18.1', revision: 'b1d3319b48'\nSystem info: os.name: 'Mac OS X', os.arch: 'aarch64', os.version: '14.3', java.version: '11.0.19'\nDriver info: org.openqa.selenium.chrome.ChromeDriver\nCommand: [677786b702f0323e9359e25db44595e1, clickElement {id=f.A5D76C1A99A7246C4BB1E424CC1128BD.d.06D7D61D0F4A7E3CF238B7F37E307845.e.220}]\nCapabilities {acceptInsecureCerts: false, browserName: chrome, browserVersion: 123.0.6312.105, chrome: {chromedriverVersion: 123.0.6312.86 (9b72c47a0536..., userDataDir: /var/folders/qf/8v996d7d2d5...}, fedcm:accounts: true, goog:chromeOptions: {debuggerAddress: localhost:49768}, networkConnectionEnabled: false, pageLoadStrategy: normal, platformName: mac, proxy: Proxy(), se:cdp: ws://localhost:49768/devtoo..., se:cdpVersion: 123.0.6312.105, setWindowRect: true, strictFileInteractability: false, timeouts: {implicit: 0, pageLoad: 300000, script: 30000}, unhandledPromptBehavior: dismiss and notify, webauthn:extension:credBlob: true, webauthn:extension:largeBlob: true, webauthn:extension:minPinLength: true, webauthn:extension:prf: true, webauthn:virtualAuthenticators: true}\nElement: [[ChromeDriver: chrome on mac (677786b702f0323e9359e25db44595e1)] -> xpath: //button[@data-id='default_language']]\nSession ID: 677786b702f0323e9359e25db44595e1","trace":"org.openqa.selenium.ElementClickInterceptedException: element click intercepted: Element <button type=\"button\" class=\"btn dropdown-toggle btn-default\" data-toggle=\"dropdown\" role=\"combobox\" aria-owns=\"bs-select-3\" aria-haspopup=\"listbox\" aria-expanded=\"false\" data-id=\"default_language\" title=\"System Default\">...</button> is not clickable at point (1019, 573). Other element would receive the click: <input type=\"search\" class=\"form-control\" autocomplete=\"off\" role=\"combobox\" aria-label=\"Search\" aria-controls=\"bs-select-1\" aria-autocomplete=\"list\" aria-activedescendant=\"bs-select-1-0\">\n  (Session info: chrome=123.0.6312.105)\nBuild info: version: '4.18.1', revision: 'b1d3319b48'\nSystem info: os.name: 'Mac OS X', os.arch: 'aarch64', os.version: '14.3', java.version: '11.0.19'\nDriver info: org.openqa.selenium.chrome.ChromeDriver\nCommand: [677786b702f0323e9359e25db44595e1, clickElement {id=f.A5D76C1A99A7246C4BB1E424CC1128BD.d.06D7D61D0F4A7E3CF238B7F37E307845.e.220}]\nCapabilities {acceptInsecureCerts: false, browserName: chrome, browserVersion: 123.0.6312.105, chrome: {chromedriverVersion: 123.0.6312.86 (9b72c47a0536..., userDataDir: /var/folders/qf/8v996d7d2d5...}, fedcm:accounts: true, goog:chromeOptions: {debuggerAddress: localhost:49768}, networkConnectionEnabled: false, pageLoadStrategy: normal, platformName: mac, proxy: Proxy(), se:cdp: ws://localhost:49768/devtoo..., se:cdpVersion: 123.0.6312.105, setWindowRect: true, strictFileInteractability: false, timeouts: {implicit: 0, pageLoad: 300000, script: 30000}, unhandledPromptBehavior: dismiss and notify, webauthn:extension:credBlob: true, webauthn:extension:largeBlob: true, webauthn:extension:minPinLength: true, webauthn:extension:prf: true, webauthn:virtualAuthenticators: true}\nElement: [[ChromeDriver: chrome on mac (677786b702f0323e9359e25db44595e1)] -> xpath: //button[@data-id='default_language']]\nSession ID: 677786b702f0323e9359e25db44595e1\n\tat java.base/jdk.internal.reflect.NativeConstructorAccessorImpl.newInstance0(Native Method)\n\tat java.base/jdk.internal.reflect.NativeConstructorAccessorImpl.newInstance(NativeConstructorAccessorImpl.java:62)\n\tat java.base/jdk.internal.reflect.DelegatingConstructorAccessorImpl.newInstance(DelegatingConstructorAccessorImpl.java:45)\n\tat java.base/java.lang.reflect.Constructor.newInstance(Constructor.java:490)\n\tat org.openqa.selenium.remote.ErrorCodec.decode(ErrorCodec.java:167)\n\tat org.openqa.selenium.remote.codec.w3c.W3CHttpResponseCodec.decode(W3CHttpResponseCodec.java:138)\n\tat org.openqa.selenium.remote.codec.w3c.W3CHttpResponseCodec.decode(W3CHttpResponseCodec.java:50)\n\tat org.openqa.selenium.remote.HttpCommandExecutor.execute(HttpCommandExecutor.java:190)\n\tat org.openqa.selenium.remote.service.DriverCommandExecutor.invokeExecute(DriverCommandExecutor.java:216)\n\tat org.openqa.selenium.remote.service.DriverCommandExecutor.execute(DriverCommandExecutor.java:174)\n\tat org.openqa.selenium.remote.RemoteWebDriver.execute(RemoteWebDriver.java:519)\n\tat org.openqa.selenium.remote.RemoteWebElement.execute(RemoteWebElement.java:223)\n\tat org.openqa.selenium.remote.RemoteWebElement.click(RemoteWebElement.java:76)\n\tat keywords.WebUI.clickElement(WebUI.java:123)\n\tat FinalProject.Page.CustomerPage.clickdropdownLanguage(CustomerPage.java:127)\n\tat FinalProject.Page.CustomerPage.autoFillData(CustomerPage.java:269)\n\tat FinalProject.Test.Test.CustomerTest.addNewCustomer(CustomerTest.java:35)\n\tat java.base/jdk.internal.reflect.NativeMethodAccessorImpl.invoke0(Native Method)\n\tat java.base/jdk.internal.reflect.NativeMethodAccessorImpl.invoke(NativeMethodAccessorImpl.java:62)\n\tat java.base/jdk.internal.reflect.DelegatingMethodAccessorImpl.invoke(DelegatingMethodAccessorImpl.java:43)\n\tat java.base/java.lang.reflect.Method.invoke(Method.java:566)\n\tat org.testng.internal.MethodInvocationHelper.invokeMethod(MethodInvocationHelper.java:133)\n\tat org.testng.internal.TestInvoker.invokeMethod(TestInvoker.java:598)\n\tat org.testng.internal.TestInvoker.invokeTestMethod(TestInvoker.java:173)\n\tat org.testng.internal.TestMethodWithDataProviderMethodWorker.call(TestMethodWithDataProviderMethodWorker.java:77)\n\tat org.testng.internal.TestMethodWithDataProviderMethodWorker.call(TestMethodWithDataProviderMethodWorker.java:15)\n\tat java.base/java.util.concurrent.FutureTask.run(FutureTask.java:264)\n\tat java.base/java.util.concurrent.Executors$RunnableAdapter.call(Executors.java:515)\n\tat java.base/java.util.concurrent.FutureTask.run(FutureTask.java:264)\n\tat java.base/java.util.concurrent.ThreadPoolExecutor.runWorker(ThreadPoolExecutor.java:1128)\n\tat java.base/java.util.concurrent.ThreadPoolExecutor$Worker.run(ThreadPoolExecutor.java:628)\n\tat java.base/java.lang.Thread.run(Thread.java:829)\n"},"stage":"finished","steps":[{"name":"Timeout waiting for the element ready to click By.xpath: //button[@data-id='default_language']","status":"passed","stage":"finished","steps":[],"attachments":[],"parameters":[{"name":"by","value":"By.xpath: //button[@data-id='default_language']"}],"start":1712132538054,"stop":1712132538076}],"attachments":[],"parameters":[{"name":"by","value":"By.xpath: //button[@data-id='default_language']"}],"start":1712132538054,"stop":1712132539165}],"attachments":[{"name":"Page screenshot","source":"431b0483-bdc0-41ce-bc46-9f519c79a301-attachment","type":"image/png"}],"parameters":[{"name":"arg0","value":"{website=abc@gmail.com, address1=Hau Giang, VAT=10, searchgroups=Gold, phone=0123456789, company=companyA, currency=USD, state1=A, code1=A, country1=Albania, city1=Hau Giang}"}],"start":1712132524553,"stop":1712132539898}